mode: set
github.com/notion-echo/adapters/notion/notion.go:21.65,25.2 1 0
github.com/notion-echo/adapters/notion/notion.go:27.78,38.16 2 0
github.com/notion-echo/adapters/notion/notion.go:38.16,40.3 1 0
github.com/notion-echo/adapters/notion/notion.go:42.2,43.34 2 0
github.com/notion-echo/adapters/notion/notion.go:43.34,45.3 1 0
github.com/notion-echo/adapters/notion/notion.go:47.2,47.19 1 0
github.com/notion-echo/adapters/notion/notion.go:50.96,58.16 2 0
github.com/notion-echo/adapters/notion/notion.go:58.16,60.3 1 0
github.com/notion-echo/adapters/notion/notion.go:62.2,63.34 2 0
github.com/notion-echo/adapters/notion/notion.go:63.34,65.3 1 0
github.com/notion-echo/adapters/notion/notion.go:67.2,67.19 1 0
github.com/notion-echo/adapters/notion/notion.go:70.51,72.2 1 0
github.com/notion-echo/adapters/notion/notion.go:81.53,82.72 1 0
github.com/notion-echo/adapters/notion/notion.go:82.72,83.35 1 0
github.com/notion-echo/adapters/notion/notion.go:83.35,84.49 1 0
github.com/notion-echo/adapters/notion/notion.go:84.49,86.5 1 0
github.com/notion-echo/adapters/notion/notion.go:87.4,87.46 1 0
github.com/notion-echo/adapters/notion/notion.go:87.46,89.5 1 0
github.com/notion-echo/adapters/notion/notion.go:92.2,92.11 1 0
github.com/notion-echo/adapters/notion/notion_mock.go:16.80,23.2 1 0
github.com/notion-echo/adapters/notion/notion_mock.go:25.81,30.2 1 0
github.com/notion-echo/adapters/notion/notion_mock.go:32.98,33.18 1 0
github.com/notion-echo/adapters/notion/notion_mock.go:33.18,35.3 1 0
github.com/notion-echo/adapters/notion/notion_mock.go:37.2,38.28 2 0
github.com/notion-echo/adapters/notion/notion_mock.go:38.28,40.3 1 0
github.com/notion-echo/adapters/notion/notion_mock.go:42.2,42.19 1 0
github.com/notion-echo/adapters/notion/notion_mock.go:45.53,47.2 1 0
github.com/notion-echo/adapters/notion/notion_mock.go:55.167,57.2 1 0
github.com/notion-echo/adapters/notion/notion_mock.go:59.94,61.2 1 0
github.com/notion-echo/adapters/notion/notion_mock.go:62.140,64.2 1 0
github.com/notion-echo/adapters/notion/notion_mock.go:65.143,67.2 1 0
github.com/notion-echo/adapters/notion/notion_mock.go:68.97,70.2 1 0
github.com/notion-echo/adapters/r2/r2.go:34.41,36.127 2 0
github.com/notion-echo/adapters/r2/r2.go:36.127,40.3 1 0
github.com/notion-echo/adapters/r2/r2.go:41.2,46.16 2 0
github.com/notion-echo/adapters/r2/r2.go:46.16,48.3 1 0
github.com/notion-echo/adapters/r2/r2.go:50.2,52.8 1 0
github.com/notion-echo/adapters/r2/r2.go:55.73,58.16 3 0
github.com/notion-echo/adapters/r2/r2.go:58.16,60.3 1 0
github.com/notion-echo/adapters/r2/r2.go:62.2,64.16 3 0
github.com/notion-echo/adapters/r2/r2.go:64.16,66.3 1 0
github.com/notion-echo/adapters/r2/r2.go:68.2,69.16 2 0
github.com/notion-echo/adapters/r2/r2.go:69.16,71.3 1 0
github.com/notion-echo/adapters/r2/r2.go:72.2,73.16 2 0
github.com/notion-echo/adapters/r2/r2.go:73.16,75.3 1 0
github.com/notion-echo/adapters/r2/r2.go:76.2,77.12 2 0
github.com/notion-echo/adapters/r2/r2.go:80.57,84.16 3 0
github.com/notion-echo/adapters/r2/r2.go:84.16,86.3 1 0
github.com/notion-echo/adapters/r2/r2.go:87.2,90.16 3 0
github.com/notion-echo/adapters/r2/r2.go:90.16,92.3 1 0
github.com/notion-echo/adapters/r2/r2.go:93.2,96.16 4 0
github.com/notion-echo/adapters/r2/r2.go:96.16,98.3 1 0
github.com/notion-echo/adapters/r2/r2.go:100.2,108.16 3 0
github.com/notion-echo/adapters/r2/r2.go:108.16,110.3 1 0
github.com/notion-echo/adapters/r2/r2.go:111.2,111.12 1 0
github.com/notion-echo/main.go:13.13,18.16 4 0
github.com/notion-echo/main.go:18.16,20.3 1 0
github.com/notion-echo/main.go:22.2,27.9 5 0
github.com/notion-echo/adapters/db/db.go:17.109,22.34 4 0
github.com/notion-echo/adapters/db/db.go:22.34,24.17 2 0
github.com/notion-echo/adapters/db/db.go:24.17,26.18 2 0
github.com/notion-echo/adapters/db/db.go:26.18,27.10 1 0
github.com/notion-echo/adapters/db/db.go:30.3,34.30 2 0
github.com/notion-echo/adapters/db/db.go:37.2,37.16 1 0
github.com/notion-echo/adapters/db/db.go:37.16,39.3 1 0
github.com/notion-echo/adapters/db/db.go:41.2,48.16 3 0
github.com/notion-echo/adapters/db/db.go:48.16,52.3 1 0
github.com/notion-echo/adapters/db/db.go:54.2,60.8 2 0
github.com/notion-echo/adapters/db/users.go:30.77,32.2 1 0
github.com/notion-echo/adapters/db/users.go:34.97,40.16 2 0
github.com/notion-echo/adapters/db/users.go:40.16,42.26 2 0
github.com/notion-echo/adapters/db/users.go:42.26,44.4 1 0
github.com/notion-echo/adapters/db/users.go:46.3,47.17 2 0
github.com/notion-echo/adapters/db/users.go:47.17,49.4 1 0
github.com/notion-echo/adapters/db/users.go:50.3,50.16 1 0
github.com/notion-echo/adapters/db/users.go:53.2,53.15 1 0
github.com/notion-echo/adapters/db/users.go:56.75,58.2 1 0
github.com/notion-echo/adapters/db/users.go:60.87,62.16 2 0
github.com/notion-echo/adapters/db/users.go:62.16,64.3 1 0
github.com/notion-echo/adapters/db/users.go:66.2,66.15 1 0
github.com/notion-echo/adapters/db/users.go:69.121,71.16 2 0
github.com/notion-echo/adapters/db/users.go:71.16,73.3 1 0
github.com/notion-echo/adapters/db/users.go:74.2,74.17 1 0
github.com/notion-echo/adapters/db/users.go:77.85,79.16 2 0
github.com/notion-echo/adapters/db/users.go:79.16,81.3 1 0
github.com/notion-echo/adapters/db/users.go:82.2,82.27 1 0
github.com/notion-echo/adapters/db/users.go:85.84,87.16 2 0
github.com/notion-echo/adapters/db/users.go:87.16,89.3 1 0
github.com/notion-echo/adapters/db/users.go:90.2,90.12 1 0
github.com/notion-echo/adapters/db/users.go:93.81,95.16 2 0
github.com/notion-echo/adapters/db/users.go:95.16,97.3 1 0
github.com/notion-echo/adapters/db/users.go:98.2,98.27 1 0
github.com/notion-echo/adapters/db/users.go:101.67,104.2 2 0
github.com/notion-echo/adapters/db/users_mock.go:16.73,21.2 1 0
github.com/notion-echo/adapters/db/users_mock.go:23.81,25.2 1 0
github.com/notion-echo/adapters/db/users_mock.go:27.101,28.19 1 0
github.com/notion-echo/adapters/db/users_mock.go:28.19,30.3 1 0
github.com/notion-echo/adapters/db/users_mock.go:31.2,36.21 3 0
github.com/notion-echo/adapters/db/users_mock.go:39.91,41.9 2 0
github.com/notion-echo/adapters/db/users_mock.go:41.9,43.3 1 0
github.com/notion-echo/adapters/db/users_mock.go:44.2,44.15 1 0
github.com/notion-echo/adapters/db/users_mock.go:47.79,48.19 1 0
github.com/notion-echo/adapters/db/users_mock.go:48.19,50.3 1 0
github.com/notion-echo/adapters/db/users_mock.go:51.2,52.26 2 0
github.com/notion-echo/adapters/db/users_mock.go:52.26,54.3 1 0
github.com/notion-echo/adapters/db/users_mock.go:55.2,55.19 1 0
github.com/notion-echo/adapters/db/users_mock.go:58.125,60.2 1 0
github.com/notion-echo/adapters/db/users_mock.go:61.89,63.2 1 0
github.com/notion-echo/adapters/db/users_mock.go:64.88,65.19 1 0
github.com/notion-echo/adapters/db/users_mock.go:65.19,67.3 1 0
github.com/notion-echo/adapters/db/users_mock.go:68.2,68.12 1 0
github.com/notion-echo/adapters/db/users_mock.go:70.85,71.19 1 0
github.com/notion-echo/adapters/db/users_mock.go:71.19,73.3 1 0
github.com/notion-echo/adapters/db/users_mock.go:74.2,74.28 1 0
github.com/notion-echo/adapters/db/users_mock.go:74.28,76.3 1 0
github.com/notion-echo/adapters/db/users_mock.go:78.2,78.33 1 0
github.com/notion-echo/adapters/db/users_mock.go:80.71,81.19 1 0
github.com/notion-echo/adapters/db/users_mock.go:81.19,83.3 1 0
github.com/notion-echo/adapters/db/users_mock.go:84.2,85.12 2 0
github.com/notion-echo/oauth/oauth.go:28.46,51.16 7 0
github.com/notion-echo/oauth/oauth.go:51.16,54.3 2 0
github.com/notion-echo/oauth/oauth.go:55.2,56.16 2 0
github.com/notion-echo/oauth/oauth.go:56.16,59.3 2 0
github.com/notion-echo/oauth/oauth.go:61.2,65.16 4 0
github.com/notion-echo/oauth/oauth.go:65.16,68.3 2 0
github.com/notion-echo/oauth/oauth.go:70.2,73.63 3 0
github.com/notion-echo/oauth/oauth.go:73.63,76.3 2 0
github.com/notion-echo/oauth/oauth.go:78.2,78.30 1 0
github.com/notion-echo/utils/utils.go:15.37,16.17 1 1
github.com/notion-echo/utils/utils.go:16.17,18.3 1 1
github.com/notion-echo/utils/utils.go:20.2,21.26 2 1
github.com/notion-echo/utils/utils.go:21.26,23.3 1 1
github.com/notion-echo/utils/utils.go:24.2,25.65 2 1
github.com/notion-echo/utils/utils.go:28.76,32.16 3 1
github.com/notion-echo/utils/utils.go:32.16,34.3 1 0
github.com/notion-echo/utils/utils.go:36.2,38.56 3 1
github.com/notion-echo/utils/utils.go:38.56,40.3 1 0
github.com/notion-echo/utils/utils.go:42.2,45.59 3 1
github.com/notion-echo/utils/utils.go:48.67,50.16 2 1
github.com/notion-echo/utils/utils.go:50.16,52.3 1 0
github.com/notion-echo/utils/utils.go:54.2,54.37 1 1
github.com/notion-echo/utils/utils.go:54.37,56.3 1 0
github.com/notion-echo/utils/utils.go:58.2,62.16 4 1
github.com/notion-echo/utils/utils.go:62.16,64.3 1 0
github.com/notion-echo/utils/utils.go:66.2,69.32 3 1
github.com/notion-echo/utils/utils.go:72.33,74.39 2 1
github.com/notion-echo/utils/utils.go:74.39,76.3 1 1
github.com/notion-echo/utils/utils.go:77.2,77.28 1 1
github.com/notion-echo/utils/utils.go:80.66,82.40 2 0
github.com/notion-echo/utils/utils.go:82.40,84.3 1 0
github.com/notion-echo/utils/utils.go:84.8,86.3 1 0
github.com/notion-echo/utils/utils.go:87.2,87.21 1 0
github.com/notion-echo/utils/utils.go:90.48,92.16 2 0
github.com/notion-echo/utils/utils.go:92.16,94.3 1 0
github.com/notion-echo/utils/utils.go:95.2,98.16 3 0
github.com/notion-echo/utils/utils.go:98.16,100.3 1 0
github.com/notion-echo/utils/utils.go:101.2,107.12 5 0
github.com/notion-echo/cmd/migrate.go:14.13,16.16 2 0
github.com/notion-echo/cmd/migrate.go:16.16,18.3 1 0
github.com/notion-echo/cmd/migrate.go:19.2,22.84 3 0
github.com/notion-echo/cmd/migrate.go:22.84,24.3 1 0
github.com/notion-echo/state/state.go:13.23,17.2 1 0
github.com/notion-echo/state/state.go:19.44,21.9 2 0
github.com/notion-echo/state/state.go:21.9,23.3 1 0
github.com/notion-echo/state/state.go:24.2,24.10 1 0
github.com/notion-echo/state/state.go:27.49,29.2 1 0
github.com/notion-echo/state/state.go:31.40,33.2 1 0
github.com/notion-echo/adapters/db/db.go:17.109,22.34 4 0
github.com/notion-echo/adapters/db/db.go:22.34,24.17 2 0
github.com/notion-echo/adapters/db/db.go:24.17,26.18 2 0
github.com/notion-echo/adapters/db/db.go:26.18,27.10 1 0
github.com/notion-echo/adapters/db/db.go:30.3,34.30 2 0
github.com/notion-echo/adapters/db/db.go:37.2,37.16 1 0
github.com/notion-echo/adapters/db/db.go:37.16,39.3 1 0
github.com/notion-echo/adapters/db/db.go:41.2,48.16 3 0
github.com/notion-echo/adapters/db/db.go:48.16,52.3 1 0
github.com/notion-echo/adapters/db/db.go:54.2,60.8 2 0
github.com/notion-echo/adapters/db/users.go:30.77,32.2 1 0
github.com/notion-echo/adapters/db/users.go:34.97,40.16 2 0
github.com/notion-echo/adapters/db/users.go:40.16,42.26 2 0
github.com/notion-echo/adapters/db/users.go:42.26,44.4 1 0
github.com/notion-echo/adapters/db/users.go:46.3,47.17 2 0
github.com/notion-echo/adapters/db/users.go:47.17,49.4 1 0
github.com/notion-echo/adapters/db/users.go:50.3,50.16 1 0
github.com/notion-echo/adapters/db/users.go:53.2,53.15 1 0
github.com/notion-echo/adapters/db/users.go:56.75,58.2 1 0
github.com/notion-echo/adapters/db/users.go:60.87,62.16 2 0
github.com/notion-echo/adapters/db/users.go:62.16,64.3 1 0
github.com/notion-echo/adapters/db/users.go:66.2,66.15 1 0
github.com/notion-echo/adapters/db/users.go:69.121,71.16 2 0
github.com/notion-echo/adapters/db/users.go:71.16,73.3 1 0
github.com/notion-echo/adapters/db/users.go:74.2,74.17 1 0
github.com/notion-echo/adapters/db/users.go:77.85,79.16 2 0
github.com/notion-echo/adapters/db/users.go:79.16,81.3 1 0
github.com/notion-echo/adapters/db/users.go:82.2,82.27 1 0
github.com/notion-echo/adapters/db/users.go:85.84,87.16 2 0
github.com/notion-echo/adapters/db/users.go:87.16,89.3 1 0
github.com/notion-echo/adapters/db/users.go:90.2,90.12 1 0
github.com/notion-echo/adapters/db/users.go:93.81,95.16 2 0
github.com/notion-echo/adapters/db/users.go:95.16,97.3 1 0
github.com/notion-echo/adapters/db/users.go:98.2,98.27 1 0
github.com/notion-echo/adapters/db/users.go:101.67,104.2 2 0
github.com/notion-echo/adapters/db/users_mock.go:16.73,21.2 1 1
github.com/notion-echo/adapters/db/users_mock.go:23.81,25.2 1 1
github.com/notion-echo/adapters/db/users_mock.go:27.101,28.19 1 1
github.com/notion-echo/adapters/db/users_mock.go:28.19,30.3 1 1
github.com/notion-echo/adapters/db/users_mock.go:31.2,36.21 3 1
github.com/notion-echo/adapters/db/users_mock.go:39.91,41.9 2 0
github.com/notion-echo/adapters/db/users_mock.go:41.9,43.3 1 0
github.com/notion-echo/adapters/db/users_mock.go:44.2,44.15 1 0
github.com/notion-echo/adapters/db/users_mock.go:47.79,48.19 1 0
github.com/notion-echo/adapters/db/users_mock.go:48.19,50.3 1 0
github.com/notion-echo/adapters/db/users_mock.go:51.2,52.26 2 0
github.com/notion-echo/adapters/db/users_mock.go:52.26,54.3 1 0
github.com/notion-echo/adapters/db/users_mock.go:55.2,55.19 1 0
github.com/notion-echo/adapters/db/users_mock.go:58.125,60.2 1 0
github.com/notion-echo/adapters/db/users_mock.go:61.89,63.2 1 1
github.com/notion-echo/adapters/db/users_mock.go:64.88,65.19 1 0
github.com/notion-echo/adapters/db/users_mock.go:65.19,67.3 1 0
github.com/notion-echo/adapters/db/users_mock.go:68.2,68.12 1 0
github.com/notion-echo/adapters/db/users_mock.go:70.85,71.19 1 1
github.com/notion-echo/adapters/db/users_mock.go:71.19,73.3 1 1
github.com/notion-echo/adapters/db/users_mock.go:74.2,74.28 1 1
github.com/notion-echo/adapters/db/users_mock.go:74.28,76.3 1 1
github.com/notion-echo/adapters/db/users_mock.go:78.2,78.33 1 1
github.com/notion-echo/adapters/db/users_mock.go:80.71,81.19 1 1
github.com/notion-echo/adapters/db/users_mock.go:81.19,83.3 1 0
github.com/notion-echo/adapters/db/users_mock.go:84.2,85.12 2 1
github.com/notion-echo/adapters/notion/notion.go:21.65,25.2 1 0
github.com/notion-echo/adapters/notion/notion.go:27.78,38.16 2 0
github.com/notion-echo/adapters/notion/notion.go:38.16,40.3 1 0
github.com/notion-echo/adapters/notion/notion.go:42.2,43.34 2 0
github.com/notion-echo/adapters/notion/notion.go:43.34,45.3 1 0
github.com/notion-echo/adapters/notion/notion.go:47.2,47.19 1 0
github.com/notion-echo/adapters/notion/notion.go:50.96,58.16 2 0
github.com/notion-echo/adapters/notion/notion.go:58.16,60.3 1 0
github.com/notion-echo/adapters/notion/notion.go:62.2,63.34 2 0
github.com/notion-echo/adapters/notion/notion.go:63.34,65.3 1 0
github.com/notion-echo/adapters/notion/notion.go:67.2,67.19 1 0
github.com/notion-echo/adapters/notion/notion.go:70.51,72.2 1 0
github.com/notion-echo/adapters/notion/notion.go:81.53,82.72 1 1
github.com/notion-echo/adapters/notion/notion.go:82.72,83.35 1 1
github.com/notion-echo/adapters/notion/notion.go:83.35,84.49 1 1
github.com/notion-echo/adapters/notion/notion.go:84.49,86.5 1 1
github.com/notion-echo/adapters/notion/notion.go:87.4,87.46 1 0
github.com/notion-echo/adapters/notion/notion.go:87.46,89.5 1 0
github.com/notion-echo/adapters/notion/notion.go:92.2,92.11 1 0
github.com/notion-echo/adapters/notion/notion_mock.go:16.80,23.2 1 1
github.com/notion-echo/adapters/notion/notion_mock.go:25.81,30.2 1 1
github.com/notion-echo/adapters/notion/notion_mock.go:32.98,33.18 1 1
github.com/notion-echo/adapters/notion/notion_mock.go:33.18,35.3 1 0
github.com/notion-echo/adapters/notion/notion_mock.go:37.2,38.28 2 1
github.com/notion-echo/adapters/notion/notion_mock.go:38.28,40.3 1 1
github.com/notion-echo/adapters/notion/notion_mock.go:42.2,42.19 1 1
github.com/notion-echo/adapters/notion/notion_mock.go:45.53,47.2 1 1
github.com/notion-echo/adapters/notion/notion_mock.go:55.167,57.2 1 1
github.com/notion-echo/adapters/notion/notion_mock.go:59.94,61.2 1 0
github.com/notion-echo/adapters/notion/notion_mock.go:62.140,64.2 1 0
github.com/notion-echo/adapters/notion/notion_mock.go:65.143,67.2 1 0
github.com/notion-echo/adapters/notion/notion_mock.go:68.97,70.2 1 0
github.com/notion-echo/adapters/r2/r2.go:34.41,36.127 2 0
github.com/notion-echo/adapters/r2/r2.go:36.127,40.3 1 0
github.com/notion-echo/adapters/r2/r2.go:41.2,46.16 2 0
github.com/notion-echo/adapters/r2/r2.go:46.16,48.3 1 0
github.com/notion-echo/adapters/r2/r2.go:50.2,52.8 1 0
github.com/notion-echo/adapters/r2/r2.go:55.73,58.16 3 0
github.com/notion-echo/adapters/r2/r2.go:58.16,60.3 1 0
github.com/notion-echo/adapters/r2/r2.go:62.2,64.16 3 0
github.com/notion-echo/adapters/r2/r2.go:64.16,66.3 1 0
github.com/notion-echo/adapters/r2/r2.go:68.2,69.16 2 0
github.com/notion-echo/adapters/r2/r2.go:69.16,71.3 1 0
github.com/notion-echo/adapters/r2/r2.go:72.2,73.16 2 0
github.com/notion-echo/adapters/r2/r2.go:73.16,75.3 1 0
github.com/notion-echo/adapters/r2/r2.go:76.2,77.12 2 0
github.com/notion-echo/adapters/r2/r2.go:80.57,84.16 3 0
github.com/notion-echo/adapters/r2/r2.go:84.16,86.3 1 0
github.com/notion-echo/adapters/r2/r2.go:87.2,90.16 3 0
github.com/notion-echo/adapters/r2/r2.go:90.16,92.3 1 0
github.com/notion-echo/adapters/r2/r2.go:93.2,96.16 4 0
github.com/notion-echo/adapters/r2/r2.go:96.16,98.3 1 0
github.com/notion-echo/adapters/r2/r2.go:100.2,108.16 3 0
github.com/notion-echo/adapters/r2/r2.go:108.16,110.3 1 0
github.com/notion-echo/adapters/r2/r2.go:111.2,111.12 1 0
github.com/notion-echo/bot/administration_send_message_command.go:21.54,26.2 2 0
github.com/notion-echo/bot/administration_send_message_command.go:28.81,29.33 1 0
github.com/notion-echo/bot/administration_send_message_command.go:29.33,31.3 1 0
github.com/notion-echo/bot/administration_send_message_command.go:32.2,35.16 3 0
github.com/notion-echo/bot/administration_send_message_command.go:35.16,39.3 3 0
github.com/notion-echo/bot/administration_send_message_command.go:40.2,40.17 1 0
github.com/notion-echo/bot/administration_send_message_command.go:40.17,42.3 1 0
github.com/notion-echo/bot/administration_send_message_command.go:43.2,44.16 2 0
github.com/notion-echo/bot/administration_send_message_command.go:44.16,48.3 3 0
github.com/notion-echo/bot/administration_send_message_command.go:50.2,51.49 2 0
github.com/notion-echo/bot/administration_send_message_command.go:51.49,54.3 2 0
github.com/notion-echo/bot/administration_send_message_command.go:55.2,55.26 1 0
github.com/notion-echo/bot/administration_send_message_command.go:55.26,57.3 1 0
github.com/notion-echo/bot/administration_send_message_command.go:58.2,58.56 1 0
github.com/notion-echo/bot/bot.go:53.39,61.16 5 0
github.com/notion-echo/bot/bot.go:61.16,63.3 1 0
github.com/notion-echo/bot/bot.go:64.2,66.16 3 0
github.com/notion-echo/bot/bot.go:66.16,68.3 1 0
github.com/notion-echo/bot/bot.go:69.2,72.16 3 0
github.com/notion-echo/bot/bot.go:72.16,74.3 1 0
github.com/notion-echo/bot/bot.go:75.2,79.16 4 0
github.com/notion-echo/bot/bot.go:79.16,81.3 1 0
github.com/notion-echo/bot/bot.go:82.2,88.17 4 0
github.com/notion-echo/bot/bot.go:91.147,96.47 4 0
github.com/notion-echo/bot/bot.go:96.47,100.22 3 0
github.com/notion-echo/bot/bot.go:100.22,102.4 1 0
github.com/notion-echo/bot/bot.go:106.42,142.37 8 0
github.com/notion-echo/bot/bot.go:142.37,144.34 2 0
github.com/notion-echo/bot/bot.go:144.34,145.64 1 0
github.com/notion-echo/bot/bot.go:145.64,147.24 2 0
github.com/notion-echo/bot/bot.go:147.24,149.14 2 0
github.com/notion-echo/bot/bot.go:152.5,156.19 4 0
github.com/notion-echo/bot/bot.go:156.19,164.14 3 0
github.com/notion-echo/bot/bot.go:167.5,170.36 3 0
github.com/notion-echo/bot/bot.go:174.3,174.28 1 0
github.com/notion-echo/bot/bot.go:174.28,175.12 1 0
github.com/notion-echo/bot/bot.go:177.3,177.56 1 0
github.com/notion-echo/bot/bot.go:177.56,179.4 1 0
github.com/notion-echo/bot/bot.go:181.3,181.72 1 0
github.com/notion-echo/bot/bot.go:181.72,182.17 1 0
github.com/notion-echo/bot/bot.go:183.17,185.48 2 0
github.com/notion-echo/bot/bot.go:186.24,188.48 2 0
github.com/notion-echo/bot/bot.go:192.3,195.30 3 0
github.com/notion-echo/bot/bot.go:195.30,196.95 1 0
github.com/notion-echo/bot/bot.go:196.95,198.5 1 0
github.com/notion-echo/bot/bot.go:203.35,210.40 4 0
github.com/notion-echo/bot/bot.go:210.40,214.3 3 0
github.com/notion-echo/bot/bot.go:215.2,215.47 1 0
github.com/notion-echo/bot/bot.go:215.47,219.3 3 0
github.com/notion-echo/bot/bot.go:220.2,220.46 1 0
github.com/notion-echo/bot/bot.go:220.46,223.17 3 0
github.com/notion-echo/bot/bot.go:223.17,226.4 2 0
github.com/notion-echo/bot/bot.go:228.3,233.17 5 0
github.com/notion-echo/bot/bot.go:233.17,237.4 3 0
github.com/notion-echo/bot/bot.go:238.3,241.13 4 0
github.com/notion-echo/bot/bot.go:254.2,257.34 3 0
github.com/notion-echo/bot/bot.go:260.39,262.2 1 0
github.com/notion-echo/bot/bot.go:264.65,267.27 3 0
github.com/notion-echo/bot/bot.go:267.27,269.3 1 0
github.com/notion-echo/bot/bot.go:270.2,271.37 2 0
github.com/notion-echo/bot/bot.go:274.53,278.2 3 0
github.com/notion-echo/bot/bot.go:280.85,290.16 6 0
github.com/notion-echo/bot/bot.go:290.16,293.3 2 0
github.com/notion-echo/bot/bot.go:294.2,294.12 1 0
github.com/notion-echo/bot/bot.go:297.98,299.29 2 0
github.com/notion-echo/bot/bot.go:299.29,301.18 2 0
github.com/notion-echo/bot/bot.go:301.18,302.12 1 0
github.com/notion-echo/bot/bot.go:305.3,306.29 2 0
github.com/notion-echo/bot/bot.go:306.29,311.12 2 0
github.com/notion-echo/bot/bot.go:314.3,316.27 3 0
github.com/notion-echo/bot/bot.go:319.2,319.20 1 0
github.com/notion-echo/bot/bot.go:319.20,321.3 1 0
github.com/notion-echo/bot/bot.go:323.2,328.12 5 0
github.com/notion-echo/bot/bot.go:331.91,332.39 1 0
github.com/notion-echo/bot/bot.go:332.39,334.26 2 0
github.com/notion-echo/bot/bot.go:334.26,336.18 2 0
github.com/notion-echo/bot/bot.go:336.18,339.5 2 0
github.com/notion-echo/bot/bot.go:341.8,343.17 2 0
github.com/notion-echo/bot/bot.go:343.17,346.4 2 0
github.com/notion-echo/bot/bot.go:348.2,348.12 1 0
github.com/notion-echo/bot/bot.go:351.33,353.2 1 0
github.com/notion-echo/bot/bot.go:355.55,357.2 1 0
github.com/notion-echo/bot/bot.go:358.52,360.2 1 0
github.com/notion-echo/bot/bot.go:361.47,363.2 1 0
github.com/notion-echo/bot/bot.go:365.52,367.2 1 0
github.com/notion-echo/bot/bot.go:368.50,370.2 1 0
github.com/notion-echo/bot/bot.go:372.43,373.27 1 0
github.com/notion-echo/bot/bot.go:373.27,375.3 1 0
github.com/notion-echo/bot/bot.go:376.2,376.28 1 0
github.com/notion-echo/bot/bot.go:379.39,381.2 1 0
github.com/notion-echo/bot/bot.go:383.98,385.64 1 0
github.com/notion-echo/bot/bot.go:385.64,403.18 5 0
github.com/notion-echo/bot/bot.go:403.18,405.5 1 0
github.com/notion-echo/bot/bot.go:418.43,421.16 3 0
github.com/notion-echo/bot/bot.go:421.16,423.3 1 0
github.com/notion-echo/bot/bot.go:424.2,425.24 2 0
github.com/notion-echo/bot/bot.go:428.136,430.16 2 0
github.com/notion-echo/bot/bot.go:430.16,432.3 1 0
github.com/notion-echo/bot/bot.go:434.2,434.82 1 0
github.com/notion-echo/bot/bot.go:437.47,439.2 1 0
github.com/notion-echo/bot/bot.go:441.52,443.2 1 0
github.com/notion-echo/bot/bot.go:445.43,447.2 1 0
github.com/notion-echo/bot/bot_mock.go:23.102,25.2 1 1
github.com/notion-echo/bot/bot_mock.go:27.56,31.2 1 1
github.com/notion-echo/bot/bot_mock.go:33.95,34.18 1 1
github.com/notion-echo/bot/bot_mock.go:34.18,36.3 1 0
github.com/notion-echo/bot/bot_mock.go:37.2,38.12 2 1
github.com/notion-echo/bot/bot_mock.go:41.47,41.48 0 0
github.com/notion-echo/bot/bot_mock.go:43.43,45.2 1 1
github.com/notion-echo/bot/bot_mock.go:47.60,47.61 0 0
github.com/notion-echo/bot/bot_mock.go:49.52,49.53 0 0
github.com/notion-echo/bot/bot_mock.go:51.56,53.2 1 0
github.com/notion-echo/bot/bot_mock.go:55.57,57.2 0 0
github.com/notion-echo/bot/bot_mock.go:58.54,60.2 1 1
github.com/notion-echo/bot/bot_mock.go:62.89,64.2 1 1
github.com/notion-echo/bot/bot_mock.go:67.65,75.26 2 1
github.com/notion-echo/bot/bot_mock.go:75.26,77.4 1 1
github.com/notion-echo/bot/bot_mock.go:79.3,79.16 1 1
github.com/notion-echo/bot/bot_mock.go:81.56,82.36 1 1
github.com/notion-echo/bot/bot_mock.go:82.36,84.4 1 1
github.com/notion-echo/bot/bot_mock.go:86.47,87.36 1 1
github.com/notion-echo/bot/bot_mock.go:87.36,89.4 1 1
github.com/notion-echo/bot/bot_mock.go:94.46,96.26 2 1
github.com/notion-echo/bot/bot_mock.go:96.26,98.4 1 1
github.com/notion-echo/bot/bot_mock.go:99.3,99.13 1 1
github.com/notion-echo/bot/bot_mock.go:101.64,102.28 1 1
github.com/notion-echo/bot/bot_mock.go:102.28,104.4 1 1
github.com/notion-echo/bot/bot_mock.go:108.70,108.71 0 0
github.com/notion-echo/bot/bot_mock.go:109.69,109.82 1 0
github.com/notion-echo/bot/bot_mock.go:110.70,110.71 0 0
github.com/notion-echo/bot/bot_mock.go:111.69,111.92 1 1
github.com/notion-echo/bot/bot_mock.go:112.69,112.82 1 1
github.com/notion-echo/bot/bot_mock.go:113.70,113.71 0 1
github.com/notion-echo/bot/bot_mock.go:114.70,114.71 0 0
github.com/notion-echo/bot/deauthorize_command.go:21.58,26.2 2 1
github.com/notion-echo/bot/deauthorize_command.go:28.85,29.33 1 1
github.com/notion-echo/bot/deauthorize_command.go:29.33,31.3 1 0
github.com/notion-echo/bot/deauthorize_command.go:33.2,39.16 5 1
github.com/notion-echo/bot/deauthorize_command.go:39.16,43.3 3 0
github.com/notion-echo/bot/deauthorize_command.go:44.2,44.48 1 1
github.com/notion-echo/bot/default_page_command.go:21.194,27.2 2 1
github.com/notion-echo/bot/default_page_command.go:29.85,30.33 1 1
github.com/notion-echo/bot/default_page_command.go:30.33,32.3 1 0
github.com/notion-echo/bot/default_page_command.go:34.2,38.16 4 1
github.com/notion-echo/bot/default_page_command.go:38.16,42.3 3 0
github.com/notion-echo/bot/default_page_command.go:43.2,44.16 2 1
github.com/notion-echo/bot/default_page_command.go:44.16,48.3 3 1
github.com/notion-echo/bot/default_page_command.go:50.2,51.16 2 1
github.com/notion-echo/bot/default_page_command.go:51.16,54.3 2 0
github.com/notion-echo/bot/default_page_command.go:55.2,55.21 1 1
github.com/notion-echo/bot/default_page_command.go:55.21,59.3 3 0
github.com/notion-echo/bot/default_page_command.go:61.2,66.16 2 1
github.com/notion-echo/bot/default_page_command.go:66.16,68.3 1 0
github.com/notion-echo/bot/get_default_page_command.go:21.61,26.2 2 1
github.com/notion-echo/bot/get_default_page_command.go:28.88,29.33 1 1
github.com/notion-echo/bot/get_default_page_command.go:29.33,31.3 1 0
github.com/notion-echo/bot/get_default_page_command.go:33.2,39.16 5 1
github.com/notion-echo/bot/get_default_page_command.go:39.16,41.3 1 1
github.com/notion-echo/bot/get_default_page_command.go:42.2,42.37 1 1
github.com/notion-echo/bot/get_default_page_command.go:42.37,45.3 2 1
github.com/notion-echo/bot/get_default_page_command.go:46.2,46.89 1 1
github.com/notion-echo/bot/help_command.go:20.51,25.2 2 1
github.com/notion-echo/bot/help_command.go:27.78,28.33 1 1
github.com/notion-echo/bot/help_command.go:28.33,30.3 1 0
github.com/notion-echo/bot/help_command.go:31.2,38.16 5 1
github.com/notion-echo/bot/help_command.go:38.16,40.3 1 0
github.com/notion-echo/bot/note_command.go:35.181,41.2 2 1
github.com/notion-echo/bot/note_command.go:43.78,44.33 1 1
github.com/notion-echo/bot/note_command.go:44.33,46.3 1 0
github.com/notion-echo/bot/note_command.go:48.2,56.34 6 1
github.com/notion-echo/bot/note_command.go:56.34,58.3 1 0
github.com/notion-echo/bot/note_command.go:59.2,61.47 3 1
github.com/notion-echo/bot/note_command.go:61.47,63.21 2 1
github.com/notion-echo/bot/note_command.go:63.21,67.4 3 1
github.com/notion-echo/bot/note_command.go:70.2,70.20 1 1
github.com/notion-echo/bot/note_command.go:70.20,72.21 2 1
github.com/notion-echo/bot/note_command.go:72.21,75.4 2 0
github.com/notion-echo/bot/note_command.go:76.3,78.21 3 1
github.com/notion-echo/bot/note_command.go:78.21,81.4 2 0
github.com/notion-echo/bot/note_command.go:82.3,82.21 1 1
github.com/notion-echo/bot/note_command.go:82.21,86.4 3 1
github.com/notion-echo/bot/note_command.go:89.2,89.25 1 1
github.com/notion-echo/bot/note_command.go:89.25,90.36 1 1
github.com/notion-echo/bot/note_command.go:90.36,92.4 1 0
github.com/notion-echo/bot/note_command.go:95.2,98.76 4 1
github.com/notion-echo/bot/note_command.go:98.76,100.3 1 0
github.com/notion-echo/bot/note_command.go:101.2,101.33 1 1
github.com/notion-echo/bot/note_command.go:101.33,105.3 2 0
github.com/notion-echo/bot/note_command.go:106.2,106.16 1 1
github.com/notion-echo/bot/note_command.go:106.16,110.3 3 0
github.com/notion-echo/bot/note_command.go:111.2,111.20 1 1
github.com/notion-echo/bot/note_command.go:111.20,113.3 1 0
github.com/notion-echo/bot/note_command.go:115.2,118.16 3 1
github.com/notion-echo/bot/note_command.go:118.16,122.3 3 0
github.com/notion-echo/bot/note_command.go:123.2,124.16 2 1
github.com/notion-echo/bot/note_command.go:124.16,128.3 3 1
github.com/notion-echo/bot/note_command.go:130.2,130.20 1 1
github.com/notion-echo/bot/note_command.go:130.20,135.41 2 1
github.com/notion-echo/bot/note_command.go:135.41,139.4 3 0
github.com/notion-echo/bot/note_command.go:140.3,140.25 1 1
github.com/notion-echo/bot/note_command.go:142.2,143.16 2 1
github.com/notion-echo/bot/note_command.go:143.16,147.3 3 0
github.com/notion-echo/bot/note_command.go:148.2,148.21 1 1
github.com/notion-echo/bot/note_command.go:148.21,152.3 3 1
github.com/notion-echo/bot/note_command.go:153.2,156.16 3 1
github.com/notion-echo/bot/note_command.go:156.16,160.3 3 0
github.com/notion-echo/bot/note_command.go:162.2,162.113 1 1
github.com/notion-echo/bot/note_command.go:165.87,167.16 2 0
github.com/notion-echo/bot/note_command.go:167.16,169.3 1 0
github.com/notion-echo/bot/note_command.go:173.2,176.16 2 0
github.com/notion-echo/bot/note_command.go:176.16,178.3 1 0
github.com/notion-echo/bot/note_command.go:179.2,179.44 1 0
github.com/notion-echo/bot/note_command.go:182.84,184.16 2 0
github.com/notion-echo/bot/note_command.go:184.16,186.3 1 0
github.com/notion-echo/bot/note_command.go:187.2,190.16 2 0
github.com/notion-echo/bot/note_command.go:190.16,192.3 1 0
github.com/notion-echo/bot/note_command.go:193.2,193.27 1 0
github.com/notion-echo/bot/note_command.go:196.50,199.13 2 0
github.com/notion-echo/bot/note_command.go:200.13,201.26 1 0
github.com/notion-echo/bot/note_command.go:202.28,203.28 1 0
github.com/notion-echo/bot/note_command.go:205.2,205.10 1 0
github.com/notion-echo/bot/note_command.go:208.89,228.2 2 1
github.com/notion-echo/bot/note_command.go:230.53,245.2 3 0
github.com/notion-echo/bot/note_command.go:247.57,262.2 3 0
github.com/notion-echo/bot/register_command.go:24.98,30.2 2 1
github.com/notion-echo/bot/register_command.go:32.82,39.16 5 1
github.com/notion-echo/bot/register_command.go:39.16,43.3 3 0
github.com/notion-echo/bot/register_command.go:44.2,45.16 2 1
github.com/notion-echo/bot/register_command.go:45.16,49.3 3 1
github.com/notion-echo/bot/register_command.go:50.2,53.92 4 1
github.com/notion-echo/oauth/oauth.go:28.46,51.16 7 0
github.com/notion-echo/oauth/oauth.go:51.16,54.3 2 0
github.com/notion-echo/oauth/oauth.go:55.2,56.16 2 0
github.com/notion-echo/oauth/oauth.go:56.16,59.3 2 0
github.com/notion-echo/oauth/oauth.go:61.2,65.16 4 0
github.com/notion-echo/oauth/oauth.go:65.16,68.3 2 0
github.com/notion-echo/oauth/oauth.go:70.2,73.63 3 0
github.com/notion-echo/oauth/oauth.go:73.63,76.3 2 0
github.com/notion-echo/oauth/oauth.go:78.2,78.30 1 0
github.com/notion-echo/state/state.go:13.23,17.2 1 0
github.com/notion-echo/state/state.go:19.44,21.9 2 0
github.com/notion-echo/state/state.go:21.9,23.3 1 0
github.com/notion-echo/state/state.go:24.2,24.10 1 0
github.com/notion-echo/state/state.go:27.49,29.2 1 0
github.com/notion-echo/state/state.go:31.40,33.2 1 0
